st
    return await self._connection.handle_async_request(request)
           ^^^^^^^^^^^^^^^^^^^^^^^^^^^^^^^^^^^^^^^^^^^^^^^^^^^^
  File "/Library/Frameworks/Python.framework/Versions/3.13/lib/python3.13/site-packages/httpcore/_async/http11.py", line 136, in handle_async_request
    raise exc
  File "/Library/Frameworks/Python.framework/Versions/3.13/lib/python3.13/site-packages/httpcore/_async/http11.py", line 106, in handle_async_request
    ) = await self._receive_response_headers(**kwargs)
        ^^^^^^^^^^^^^^^^^^^^^^^^^^^^^^^^^^^^^^^^^^^^^^
  File "/Library/Frameworks/Python.framework/Versions/3.13/lib/python3.13/site-packages/httpcore/_async/http11.py", line 177, in _receive_response_headers
    event = await self._receive_event(timeout=timeout)
            ^^^^^^^^^^^^^^^^^^^^^^^^^^^^^^^^^^^^^^^^^^
  File "/Library/Frameworks/Python.framework/Versions/3.13/lib/python3.13/site-packages/httpcore/_async/http11.py", line 217, in _receive_event
    data = await self._network_stream.read(
           ^^^^^^^^^^^^^^^^^^^^^^^^^^^^^^^^
        self.READ_NUM_BYTES, timeout=timeout
        ^^^^^^^^^^^^^^^^^^^^^^^^^^^^^^^^^^^^
    )
    ^
  File "/Library/Frameworks/Python.framework/Versions/3.13/lib/python3.13/site-packages/httpcore/_backends/anyio.py", line 35, in read
    return await self._stream.receive(max_bytes=max_bytes)
           ^^^^^^^^^^^^^^^^^^^^^^^^^^^^^^^^^^^^^^^^^^^^^^^
  File "/Library/Frameworks/Python.framework/Versions/3.13/lib/python3.13/site-packages/anyio/streams/tls.py", line 219, in receive
    data = await self._call_sslobject_method(self._ssl_object.read, max_bytes)
           ^^^^^^^^^^^^^^^^^^^^^^^^^^^^^^^^^^^^^^^^^^^^^^^^^^^^^^^^^^^^^^^^^^^
  File "/Library/Frameworks/Python.framework/Versions/3.13/lib/python3.13/site-packages/anyio/streams/tls.py", line 162, in _call_sslobject_method
    data = await self.transport_stream.receive()
           ^^^^^^^^^^^^^^^^^^^^^^^^^^^^^^^^^^^^^
  File "/Library/Frameworks/Python.framework/Versions/3.13/lib/python3.13/site-packages/anyio/_backends/_asyncio.py", line 1254, in receive
    await self._protocol.read_event.wait()
  File "/Library/Frameworks/Python.framework/Versions/3.13/lib/python3.13/asyncio/locks.py", line 213, in wait
    await fut
asyncio.exceptions.CancelledError

During handling of the above exception, another exception occurred:

Traceback (most recent call last):
  File "/Users/jabez/Nutstore Files/multiAgent/src/main.py", line 174, in <module>
    asyncio.run(main())
    ~~~~~~~~~~~^^^^^^^^
  File "/Library/Frameworks/Python.framework/Versions/3.13/lib/python3.13/asyncio/runners.py", line 195, in run
    return runner.run(main)
           ~~~~~~~~~~^^^^^^
  File "/Library/Frameworks/Python.framework/Versions/3.13/lib/python3.13/asyncio/runners.py", line 123, in run
    raise KeyboardInterrupt()
KeyboardInterrupt

jabez@192 src % clear

jabez@192 src % python main.py 
ğŸ“‹ æ‰§è¡Œä»»åŠ¡: 
    åˆ›å»ºä¸€ä¸ªå­—ç¬¦ä¸²æ“ä½œå·¥å…·åº“ï¼ŒåŒ…å«ä»¥ä¸‹åŠŸèƒ½ï¼š
    1. å­—ç¬¦ä¸²åè½¬å‡½æ•°
    2. å­—ç¬¦ä¸²å»é‡å‡½æ•°  
    3. å­—ç¬¦ä¸²ç»Ÿè®¡å‡½æ•°ï¼ˆç»Ÿè®¡å­—ç¬¦å‡ºç°æ¬¡æ•°ï¼‰
    4. å­—ç¬¦ä¸²æ ¼å¼åŒ–å‡½æ•°ï¼ˆé¦–å­—æ¯å¤§å†™ç­‰ï¼‰
    
    è¦æ±‚ï¼š
    - ä½¿ç”¨Pythonå®ç°
    - åŒ…å«å®Œæ•´çš„é”™è¯¯å¤„ç†
    - ç”Ÿæˆå®Œæ•´çš„æµ‹è¯•ç”¨ä¾‹
    - ç¡®ä¿ä»£ç è´¨é‡å’Œå¯ç»´æŠ¤æ€§
    
ğŸ“ æ—¥å¿—å°†ä¿å­˜åˆ°: /Users/jabez/output/logs/
/Library/Frameworks/Python.framework/Versions/3.13/lib/python3.13/site-packages/autogen_ext/models/openai/_openai_client.py:439: UserWarning: Missing required field 'structured_output' in ModelInfo. This field will be required in a future version of AutoGen.
  validate_model_info(self._model_info)

================================================================================
ğŸš€ åŸºäºMCPçš„å¤šé“¾ä»£ç ç”ŸæˆAgentç³»ç»Ÿå¯åŠ¨
================================================================================

â„¹ï¸ 16:02:22 - å¼€å§‹ä»»åŠ¡è§„åˆ’é˜¶æ®µ

ğŸ”„ 16:02:22 - è§£æä»»åŠ¡å¹¶ç”Ÿæˆæ–‡ä»¶é…ç½®...

âœ… 16:02:31 - ä»»åŠ¡åˆ†æå®Œæˆ

âœ… 16:02:49 - æ‰§è¡Œè®¡åˆ’åˆ¶å®šå®Œæˆï¼Œå¼€å§‹å¤šAgentåä½œ

â„¹ï¸ 16:02:49 - å¼€å§‹å¤šAgentåä½œæ‰§è¡Œ
ğŸ” æ™ºèƒ½è·¯å¾„è§£æåˆå§‹åŒ–å®Œæˆ
ğŸ” æ™ºèƒ½è·¯å¾„è§£ææŠ¥å‘Š
========================================
é¡¹ç›®æ ¹ç›®å½•: None
ä¸»æ–‡ä»¶æ•°é‡: 0
æµ‹è¯•æ–‡ä»¶æ•°é‡: 0
Utilsç›®å½•: None
Pythonæ–‡ä»¶æ€»æ•°: 0

ğŸ“ å‘ç°çš„ä¸»æ–‡ä»¶:

ğŸ§ª å‘ç°çš„æµ‹è¯•æ–‡ä»¶:
ğŸ“‹ æ‰§è¡ŒæŒ‡ä»¤: **CodePlanningAgent æ‰§è¡ŒæŒ‡ä»¤**

---

### ğŸ§  **ä»»åŠ¡ç›®æ ‡**

ä½œä¸º CodePlanningAgentï¼Œä½ çš„ä»»åŠ¡æ˜¯ä¸ºâ€œå­—ç¬¦ä¸²æ“ä½œå·¥å…·åº“â€é¡¹ç›®åˆ¶å®šè¯¦ç»†çš„å¼€å‘è®¡åˆ’å¹¶è¾“å‡ºç›¸å…³æ–‡æ¡£ã€‚ä½ éœ€è¦å®Œæˆä»¥ä¸‹å†…å®¹ï¼š

1. æ˜ç¡®æ¯ä¸ªå‡½æ•°çš„åŠŸèƒ½ç»†èŠ‚å’Œè¡Œä¸ºè§„èŒƒï¼›
2. åˆ¶å®šæ¸…æ™°çš„APIè®¾è®¡è§„èŒƒï¼›
3. ç¡®å®šç»Ÿä¸€ä¸”å¥å£®çš„é”™è¯¯å¤„ç†ç­–ç•¥ï¼›
4. è®¾è®¡åˆç†çš„é¡¹ç›®ç»“æ„å’Œæ¨¡å—åˆ’åˆ†ã€‚

---

### ğŸ“ **ä¸Šä¸‹æ–‡ä¸è·¯å¾„ä¿¡æ¯**

- **æ¨èå·¥ä½œç›®å½•**ï¼š`/Users/jabez/output`
- **ä¸»æ–‡ä»¶è·¯å¾„ï¼ˆåç»­é˜¶æ®µä½¿ç”¨ï¼‰**ï¼š`/Users/jabez/output/string_operations.py`
- **æµ‹è¯•æ–‡ä»¶è·¯å¾„ï¼ˆåç»­é˜¶æ®µä½¿ç”¨ï¼‰**ï¼š`/Users/jabez/output/test_string_operations.py`

> âš ï¸ æ³¨æ„ï¼šå½“å‰é˜¶æ®µåªéœ€è¾“å‡ºæ–‡æ¡£å†…å®¹ï¼Œä¸è¿›è¡Œå®é™…ç¼–ç æˆ–åˆ›å»ºæ–‡ä»¶ã€‚

---

### âŒ **é¿å…é—®é¢˜**

- ä¸è¦è·³è¿‡åŠŸèƒ½ç»†èŠ‚åˆ†æï¼Œç¡®ä¿åç»­å®ç°æœ‰æ®å¯ä¾ï¼›
- ä¸è¦å¿½ç•¥å¼‚å¸¸è¾“å…¥åœºæ™¯ï¼Œå¿…é¡»åœ¨è§„åˆ’ä¸­ä½“ç°é”™è¯¯å¤„ç†æœºåˆ¶ï¼›
- ä¸è¦é—æ¼å¯¹è¾¹ç•Œæ¡ä»¶çš„å®šä¹‰ï¼ˆå¦‚ç©ºå­—ç¬¦ä¸²ã€None è¾“å…¥ç­‰ï¼‰ï¼›
- ä¸è¦ä½¿ç”¨æ¨¡ç³Šçš„è¯­è¨€æè¿°åŠŸèƒ½éœ€æ±‚ï¼Œéœ€å…·ä½“åˆ°è¾“å…¥è¾“å‡ºè¡Œä¸ºã€‚

---

### âœ… **é¢„æœŸè¾“å‡ºæ ¼å¼ä¸æˆåŠŸæ ‡å‡†**

#### è¾“å‡ºå†…å®¹åº”åŒ…æ‹¬ï¼š

1. **åŠŸèƒ½è§„æ ¼è¯´æ˜æ–‡æ¡£**
   - æ¯ä¸ªå‡½æ•°çš„è¯¦ç»†åŠŸèƒ½æè¿°
   - è¾“å…¥è¾“å‡ºç±»å‹åŠç¤ºä¾‹
   - è¾¹ç•Œæ¡ä»¶å’Œå¼‚å¸¸æƒ…å†µè¯´æ˜

2. **APIè®¾è®¡æ–‡æ¡£**
   - å‡½æ•°ç­¾åï¼ˆå‚æ•°åã€ç±»å‹ã€é»˜è®¤å€¼ï¼‰
   - è¿”å›å€¼è¯´æ˜
   - å¯èƒ½æŠ›å‡ºçš„å¼‚å¸¸ç±»å‹

3. **é¡¹ç›®ç»“æ„è®¾è®¡**
   - æ¨èçš„æ¨¡å—ç»„ç»‡æ–¹å¼
   - å„æ¨¡å—èŒè´£åˆ’åˆ†å»ºè®®

#### æˆåŠŸæ ‡å‡†ï¼š
- æ‰€æœ‰åŠŸèƒ½ç‚¹æ˜ç¡®æ— æ­§ä¹‰ï¼›
- APIè®¾è®¡åˆç†ï¼Œä¾¿äºæ‰©å±•å’Œç»´æŠ¤ï¼›
- é”™è¯¯å¤„ç†ç­–ç•¥å®Œæ•´å¹¶å…·å¯æ‰§è¡Œæ€§ï¼›
- æ–‡æ¡£å†…å®¹å¯ä¾›ä¸‹ä¸€é˜¶æ®µç›´æ¥ç”¨äºä»£ç å®ç°ã€‚

---

### ğŸ“Œ **æ“ä½œæ­¥éª¤æŒ‡å¼•**

1. é˜…è¯»å¹¶ç†è§£å½“å‰ä»»åŠ¡éœ€æ±‚ï¼›
2. å¯¹å››ä¸ªæ ¸å¿ƒåŠŸèƒ½é€ä¸€ç»†åŒ–å…¶è¡Œä¸ºé€»è¾‘ï¼›
3. ç¼–å†™åŠŸèƒ½è§„æ ¼è¯´æ˜æ–‡æ¡£ï¼›
4. åˆ¶å®šAPIè®¾è®¡æ–‡æ¡£ï¼›
5. ç¡®ç«‹é”™è¯¯å¤„ç†æœºåˆ¶ï¼›
6. è§„åˆ’é¡¹ç›®ç»“æ„ï¼ˆæ¨¡å—ä¸èŒè´£ï¼‰ï¼›
7. å°†ä¸Šè¿°å†…å®¹æ•´ç†ä¸ºç»“æ„åŒ–æ–‡æ¡£æ ¼å¼ï¼ˆå¦‚ Markdownï¼‰å¹¶ä¿å­˜è‡³ `/Users/jabez/output` ç›®å½•ä¸‹ï¼ˆç”±ä¸‹ä¸€é˜¶æ®µè´Ÿè´£å†™å…¥ï¼‰ã€‚

--- 

### ğŸ§¾ **äº¤ä»˜ç‰©å‘½åå»ºè®®**

- åŠŸèƒ½è§„æ ¼æ–‡æ¡£ï¼š`specification.md`
- APIè®¾è®¡æ–‡æ¡£ï¼š`api_design.md`
- é¡¹ç›®ç»“æ„æ–‡æ¡£ï¼š`project_structure.md`

> â±ï¸ å®Œæˆæœ¬é˜¶æ®µé¢„è®¡è€—æ—¶ï¼šæ•´ä¸ªé¡¹ç›®æ—¶é—´çš„ 10% å·¦å³ã€‚

ğŸ¯ 16:03:00 - CodePlanningAgent å¼€å§‹æ‰§è¡Œ
   åŠŸèƒ½: è´Ÿè´£åˆ†æéœ€æ±‚å¹¶åˆ¶å®šä»£ç å®ç°è®¡åˆ’
   âœ… æ‰§è¡ŒæˆåŠŸ (è€—æ—¶: 40.5ç§’)
ğŸ“‹ æ‰§è¡ŒæŒ‡ä»¤: **FunctionWritingAgent æ‰§è¡ŒæŒ‡ä»¤**

---

### ğŸ§¾ ä»»åŠ¡ç›®æ ‡ï¼š
å®ç°ä¸€ä¸ªPythonå­—ç¬¦ä¸²æ“ä½œå·¥å…·åº“ï¼ŒåŒ…å«ä»¥ä¸‹å››ä¸ªæ ¸å¿ƒå‡½æ•°ï¼Œå¹¶ç¡®ä¿ä»£ç ç¬¦åˆé«˜è´¨é‡æ ‡å‡†ã€å…·å¤‡å®Œæ•´é”™è¯¯å¤„ç†å’Œæ¸…æ™°æ–‡æ¡£è¯´æ˜ã€‚

---

### ğŸ“ æ–‡ä»¶è·¯å¾„ï¼š
- **ä¸»æ–‡ä»¶è¾“å‡ºè·¯å¾„**ï¼š`/Users/jabez/output/string_operations.py`

---

### ğŸ§© åŠŸèƒ½è¦æ±‚ï¼š

#### 1. å­—ç¬¦ä¸²åè½¬å‡½æ•° `reverse_string(s)`
- **åŠŸèƒ½**ï¼šå°†è¾“å…¥å­—ç¬¦ä¸²è¿›è¡Œåè½¬
- **å‚æ•°**ï¼š`s` (str) - è¾“å…¥å­—ç¬¦ä¸²
- **è¿”å›å€¼**ï¼šstr - åè½¬åçš„å­—ç¬¦ä¸²
- **å¼‚å¸¸å¤„ç†**ï¼šè‹¥è¾“å…¥ä¸æ˜¯å­—ç¬¦ä¸²ç±»å‹ï¼ŒæŠ›å‡º `TypeError`

#### 2. å­—ç¬¦ä¸²å»é‡å‡½æ•° `remove_duplicates(s)`
- **åŠŸèƒ½**ï¼šå»é™¤å­—ç¬¦ä¸²ä¸­é‡å¤çš„å­—ç¬¦ï¼Œä¿ç•™é¦–æ¬¡å‡ºç°é¡ºåº
- **å‚æ•°**ï¼š`s` (str) - è¾“å…¥å­—ç¬¦ä¸²
- **è¿”å›å€¼**ï¼šstr - å»é‡åçš„å­—ç¬¦ä¸²
- **å¼‚å¸¸å¤„ç†**ï¼šè‹¥è¾“å…¥ä¸æ˜¯å­—ç¬¦ä¸²ç±»å‹ï¼ŒæŠ›å‡º `TypeError`

#### 3. å­—ç¬¦ä¸²ç»Ÿè®¡å‡½æ•° `count_characters(s)`
- **åŠŸèƒ½**ï¼šç»Ÿè®¡å­—ç¬¦ä¸²ä¸­æ¯ä¸ªå­—ç¬¦å‡ºç°çš„æ¬¡æ•°
- **å‚æ•°**ï¼š`s` (str) - è¾“å…¥å­—ç¬¦ä¸²
- **è¿”å›å€¼**ï¼šdict - é”®ä¸ºå­—ç¬¦ï¼Œå€¼ä¸ºå‡ºç°æ¬¡æ•°
- **å¼‚å¸¸å¤„ç†**ï¼šè‹¥è¾“å…¥ä¸æ˜¯å­—ç¬¦ä¸²ç±»å‹ï¼ŒæŠ›å‡º `TypeError`

#### 4. å­—ç¬¦ä¸²æ ¼å¼åŒ–å‡½æ•° `format_string(s, format_type)`
- **åŠŸèƒ½**ï¼šæ ¹æ®æŒ‡å®šæ ¼å¼åŒ–ç±»å‹å¯¹å­—ç¬¦ä¸²è¿›è¡Œæ ¼å¼åŒ–
- **å‚æ•°**ï¼š
  - `s` (str) - è¾“å…¥å­—ç¬¦ä¸²
  - `format_type` (str) - æ ¼å¼åŒ–ç±»å‹ï¼Œæ”¯æŒï¼š
    - `"sentence"`ï¼šé¦–å­—æ¯å¤§å†™ï¼ˆå…¶ä½™å°å†™ï¼‰
    - `"title"`ï¼šæ¯ä¸ªå•è¯é¦–å­—æ¯å¤§å†™
    - `"upper"`ï¼šå…¨éƒ¨å¤§å†™
    - `"lower"`ï¼šå…¨éƒ¨å°å†™
- **è¿”å›å€¼**ï¼šstr - æ ¼å¼åŒ–åçš„å­—ç¬¦ä¸²
- **å¼‚å¸¸å¤„ç†**ï¼š
  - è‹¥è¾“å…¥ä¸æ˜¯å­—ç¬¦ä¸²æˆ–æ ¼å¼ç±»å‹ä¸æ”¯æŒï¼ŒæŠ›å‡ºç›¸åº” `TypeError` æˆ– `ValueError`

---

### âš ï¸ æ³¨æ„äº‹é¡¹ï¼š
- æ‰€æœ‰å‡½æ•°å¿…é¡»åŒ…å«å®Œæ•´çš„ docstringï¼ˆä½¿ç”¨ Google é£æ ¼ï¼‰
- æ‰€æœ‰å‡½æ•°éœ€æ·»åŠ ç±»å‹æ³¨è§£
- ç¡®ä¿é€»è¾‘å¥å£®æ€§ï¼Œé¿å…éšå¼é”™è¯¯ï¼ˆå¦‚ None è¾“å…¥ã€ç©ºå­—ç¬¦ä¸²ç­‰ï¼‰
- ä¸è¦å¼•å…¥å¤–éƒ¨ä¾èµ–åº“

---

### âœ… æˆåŠŸæ ‡å‡†ï¼š
- å‡½æ•°åŠŸèƒ½æ­£ç¡®ä¸”æ»¡è¶³æ‰€æœ‰è¾¹ç•Œæ¡ä»¶
- æ¯ä¸ªå‡½æ•°éƒ½æœ‰å¯¹åº”çš„é”™è¯¯å¤„ç†æœºåˆ¶
- ä»£ç é£æ ¼ç¬¦åˆ PEP8 è§„èŒƒ
- åŒ…å«å®Œæ•´å‡½æ•°æ–‡æ¡£å­—ç¬¦ä¸²å’Œç±»å‹æç¤º

---

### ğŸ“¦ è¾“å‡ºæ ¼å¼ï¼š
è¯·å°†å®ç°å†™å…¥ä»¥ä¸‹æ–‡ä»¶ï¼š
```
/Users/jabez/output/string_operations.py
```

æ–‡ä»¶å†…å®¹ç»“æ„ç¤ºä¾‹ï¼š
```python
def reverse_string(s: str) -> str:
    """åè½¬è¾“å…¥å­—ç¬¦ä¸²ã€‚

    Args:
        s (str): è¾“å…¥å­—ç¬¦ä¸²

    Returns:
        str: åè½¬åçš„å­—ç¬¦ä¸²

    Raises:
        TypeError: å¦‚æœè¾“å…¥ä¸æ˜¯å­—ç¬¦ä¸²ç±»å‹
    """
    if not isinstance(s, str):
        raise TypeError("è¾“å…¥å¿…é¡»æ˜¯å­—ç¬¦ä¸²")
    return s[::-1]
```

--- 

è¯·ä¸¥æ ¼æŒ‰ç…§ä»¥ä¸Šè§„èŒƒç¼–å†™å¹¶ä¿å­˜ä»£ç è‡³æŒ‡å®šè·¯å¾„ã€‚

ğŸ¯ 16:03:51 - FunctionWritingAgent å¼€å§‹æ‰§è¡Œ
   åŠŸèƒ½: è´Ÿè´£æ ¹æ®è§„åˆ’ç¼–å†™å…·ä½“çš„Pythonå‡½æ•°ä»£ç å¹¶ä¿å­˜åˆ°æ–‡ä»¶
   âŒ æ‰§è¡Œå¤±è´¥ (è€—æ—¶: 9.9ç§’)
   âš ï¸ é—®é¢˜: CODING_COMPLETE...
ğŸ“‹ æ‰§è¡ŒæŒ‡ä»¤: **FunctionWritingAgent æ‰§è¡ŒæŒ‡ä»¤**

---

### ğŸ§¾ ä»»åŠ¡ç›®æ ‡

å®ç°ä¸€ä¸ª Python å­—ç¬¦ä¸²æ“ä½œå·¥å…·åº“ï¼ŒåŒ…å«ä»¥ä¸‹å››ä¸ªæ ¸å¿ƒå‡½æ•°ï¼Œå¹¶ç¡®ä¿æ¯ä¸ªå‡½æ•°å…·å¤‡å®Œæ•´çš„é”™è¯¯å¤„ç†ã€æ¸…æ™°çš„æ–‡æ¡£è¯´æ˜å’Œè‰¯å¥½çš„å¯ç»´æŠ¤æ€§ã€‚

#### åŠŸèƒ½æ¸…å•ï¼š
1. `reverse_string(s)` - åè½¬è¾“å…¥å­—ç¬¦ä¸²  
2. `remove_duplicates(s)` - å»é™¤é‡å¤å­—ç¬¦ï¼Œä¿ç•™é¦–æ¬¡å‡ºç°é¡ºåº  
3. `count_characters(s)` - ç»Ÿè®¡å­—ç¬¦ä¸²ä¸­å„å­—ç¬¦å‡ºç°æ¬¡æ•°  
4. `format_string(s, format_type)` - æ”¯æŒå¤šç§æ ¼å¼åŒ–æ–¹å¼ï¼ˆsentence/title/upper/lower caseï¼‰

---

### ğŸ“ æ–‡ä»¶è·¯å¾„ä¸ç»“æ„

- **ä¸»æ–‡ä»¶è·¯å¾„**ï¼š`/Users/jabez/output/string_operations.py`
- **æµ‹è¯•æ–‡ä»¶è·¯å¾„**ï¼š`/Users/jabez/output/test_string_operations.py`

---

### âš ï¸ æ³¨æ„äº‹é¡¹ï¼ˆåŸºäºå†å²å¤±è´¥ï¼‰

- ç¡®ä¿æ‰€æœ‰å‡½æ•°æ¥å—éå­—ç¬¦ä¸²ç±»å‹æ—¶æŠ›å‡º `TypeError`
- æ‰€æœ‰å‡½æ•°éœ€æ·»åŠ  docstring å¹¶ç¬¦åˆ Google/NumPy é£æ ¼
- ä¸è¦ä½¿ç”¨å…¨å±€å˜é‡æˆ–å‰¯ä½œç”¨é€»è¾‘
- æ‰€æœ‰å‡½æ•°åº”è¿”å›æ˜ç¡®ç»“æœï¼Œé¿å…æ‰“å°è¾“å‡º
- ç¡®ä¿å‡½æ•°å‘½åæ¸…æ™°ã€è¯­ä¹‰æ˜ç¡®

---

### âœ… æˆåŠŸæ ‡å‡†

- æ¯ä¸ªå‡½æ•°åŠŸèƒ½æ­£ç¡®å¹¶é€šè¿‡åç»­å•å…ƒæµ‹è¯•
- åŒ…å«å®Œæ•´çš„å‚æ•°æ ¡éªŒå’Œå¼‚å¸¸å¤„ç†
- å‡½æ•°æ–‡æ¡£å®Œæ•´ï¼Œæ˜“äºç†è§£
- ä»£ç é£æ ¼ç¬¦åˆ PEP8 è§„èŒƒ
- è¾“å‡ºæ–‡ä»¶ `/Users/jabez/output/string_operations.py` å¯è¢«æ­£å¸¸å¯¼å…¥å’Œè°ƒç”¨

---

### ğŸ“Œ å…·ä½“æ“ä½œæ­¥éª¤

1. åœ¨ `/Users/jabez/output/` ç›®å½•ä¸‹åˆ›å»ºæ–‡ä»¶ `string_operations.py`
2. å®ç°å¦‚ä¸‹å‡½æ•°ï¼š

```python
def reverse_string(s):
    """åè½¬å­—ç¬¦ä¸²
    
    Args:
        s (str): è¾“å…¥å­—ç¬¦ä¸²
        
    Returns:
        str: åè½¬åçš„å­—ç¬¦ä¸²
        
    Raises:
        TypeError: å¦‚æœè¾“å…¥ä¸æ˜¯å­—ç¬¦ä¸²
    """
    if not isinstance(s, str):
        raise TypeError("è¾“å…¥å¿…é¡»æ˜¯å­—ç¬¦ä¸²")
    return s[::-1]


def remove_duplicates(s):
    """å»é™¤å­—ç¬¦ä¸²ä¸­çš„é‡å¤å­—ç¬¦ï¼Œä¿ç•™é¦–æ¬¡å‡ºç°é¡ºåº
    
    Args:
        s (str): è¾“å…¥å­—ç¬¦ä¸²
        
    Returns:
        str: å»é‡åçš„å­—ç¬¦ä¸²
        
    Raises:
        TypeError: å¦‚æœè¾“å…¥ä¸æ˜¯å­—ç¬¦ä¸²
    """
    if not isinstance(s, str):
        raise TypeError("è¾“å…¥å¿…é¡»æ˜¯å­—ç¬¦ä¸²")
    seen = set()
    result = []
    for char in s:
        if char not in seen:
            seen.add(char)
            result.append(char)
    return ''.join(result)


def count_characters(s):
    """ç»Ÿè®¡å­—ç¬¦ä¸²ä¸­æ¯ä¸ªå­—ç¬¦å‡ºç°çš„æ¬¡æ•°
    
    Args:
        s (str): è¾“å…¥å­—ç¬¦ä¸²
        
    Returns:
        dict: å­—ç¬¦åŠå…¶å‡ºç°æ¬¡æ•°çš„å­—å…¸
        
    Raises:
        TypeError: å¦‚æœè¾“å…¥ä¸æ˜¯å­—ç¬¦ä¸²
    """
    if not isinstance(s, str):
        raise TypeError("è¾“å…¥å¿…é¡»æ˜¯å­—ç¬¦ä¸²")
    return {char: s.count(char) for char in set(s)}


def format_string(s, format_type):
    """æ ¹æ®æŒ‡å®šç±»å‹æ ¼å¼åŒ–å­—ç¬¦ä¸²
    
    Args:
        s (str): è¾“å…¥å­—ç¬¦ä¸²
        format_type (str): æ ¼å¼åŒ–ç±»å‹ ('sentence', 'title', 'upper', 'lower')
        
    Returns:
        str: æ ¼å¼åŒ–åçš„å­—ç¬¦ä¸²
        
    Raises:
        TypeError: å¦‚æœè¾“å…¥ä¸æ˜¯å­—ç¬¦ä¸²æˆ–æ ¼å¼ç±»å‹ä¸æ”¯æŒ
    """
    if not isinstance(s, str):
        raise TypeError("è¾“å…¥å¿…é¡»æ˜¯å­—ç¬¦ä¸²")
    if not isinstance(format_type, str):
        raise TypeError("æ ¼å¼ç±»å‹å¿…é¡»æ˜¯å­—ç¬¦ä¸²")
    
    format_type = format_type.lower()
    if format_type == 'sentence':
        return s.capitalize()
    elif format_type == 'title':
        return s.title()
    elif format_type == 'upper':
        return s.upper()
    elif format_type == 'lower':
        return s.lower()
    else:
        raise ValueError("ä¸æ”¯æŒçš„æ ¼å¼ç±»å‹ï¼Œè¯·é€‰æ‹© 'sentence'ã€'title'ã€'upper' æˆ– 'lower'")
```

3. ä¿å­˜æ–‡ä»¶å¹¶ç¡®è®¤æ— è¯­æ³•é”™è¯¯
4. ç¡®ä¿æ–‡ä»¶å¯è¢«æ¨¡å—å¯¼å…¥ï¼ˆä¾‹å¦‚åœ¨ Python ä¸­æ‰§è¡Œ `from string_operations import reverse_string`ï¼‰

---

### ğŸ§ª åç»­å»ºè®®

- ç¼–å†™æµ‹è¯•ç”¨ä¾‹æ—¶æ³¨æ„è¦†ç›–è¾¹ç•Œæ¡ä»¶å’Œå¼‚å¸¸åœºæ™¯
- ä½¿ç”¨ `unittest` æˆ– `pytest` æ¡†æ¶è¿›è¡Œç»„ç»‡
- æµ‹è¯•æ–‡ä»¶è¯·ä¿å­˜ä¸º `/Users/jabez/output/test_string_operations.py`

--- 

âœ… å®Œæˆæ ‡å¿—ï¼šæˆåŠŸç”Ÿæˆ `/Users/jabez/output/string_operations.py` æ–‡ä»¶ä¸”å†…å®¹æ»¡è¶³ä¸Šè¿°è¦æ±‚ã€‚

ğŸ¯ 16:04:15 - FunctionWritingAgent å¼€å§‹æ‰§è¡Œ
   åŠŸèƒ½: è´Ÿè´£æ ¹æ®è§„åˆ’ç¼–å†™å…·ä½“çš„Pythonå‡½æ•°ä»£ç å¹¶ä¿å­˜åˆ°æ–‡ä»¶
   âŒ æ‰§è¡Œå¤±è´¥ (è€—æ—¶: 8.8ç§’)
   âš ï¸ é—®é¢˜: CODING_COMPLETE...
ğŸ“‹ æ‰§è¡ŒæŒ‡ä»¤: **FunctionWritingAgent æ‰§è¡ŒæŒ‡ä»¤**

---

### ğŸ§¾ **ä»»åŠ¡ç›®æ ‡**
å®ç°ä¸€ä¸ªPythonå­—ç¬¦ä¸²æ“ä½œå·¥å…·åº“ï¼ŒåŒ…å«ä»¥ä¸‹å››ä¸ªæ ¸å¿ƒå‡½æ•°ï¼Œå¹¶ç¡®ä¿ä»£ç è´¨é‡ã€é”™è¯¯å¤„ç†å®Œæ•´ã€æ–‡æ¡£æ¸…æ™°ï¼š

1. å­—ç¬¦ä¸²åè½¬å‡½æ•°ï¼š`reverse_string(s)`
2. å­—ç¬¦ä¸²å»é‡å‡½æ•°ï¼š`remove_duplicates(s)`
3. å­—ç¬¦ä¸²ç»Ÿè®¡å‡½æ•°ï¼š`count_characters(s)`
4. å­—ç¬¦ä¸²æ ¼å¼åŒ–å‡½æ•°ï¼š`format_string(s, format_type)`

---

### ğŸ“ **æ–‡ä»¶è·¯å¾„**
- ä¸»æ–‡ä»¶è·¯å¾„ï¼š`/Users/jabez/output/string_operations.py`

---

### âš™ï¸ **å…·ä½“è¦æ±‚**
1. æ‰€æœ‰å‡½æ•°éœ€æ”¯æŒå­—ç¬¦ä¸²ç±»å‹è¾“å…¥ã€‚
2. æ·»åŠ å®Œæ•´çš„ç±»å‹æ£€æŸ¥å’Œå¼‚å¸¸å¤„ç†æœºåˆ¶ã€‚
3. æ¯ä¸ªå‡½æ•°å¿…é¡»åŒ…å«æ ‡å‡†æ ¼å¼çš„ docstringï¼ˆä½¿ç”¨ Google æˆ– NumPy é£æ ¼ï¼‰ã€‚
4. ä¸è¦å¼•å…¥å¤–éƒ¨ä¾èµ–åº“ã€‚
5. å‡½æ•°å‘½åè§„èŒƒã€å˜é‡åæ¸…æ™°ã€é€»è¾‘æ˜“è¯»ã€‚

---

### ğŸ§± **å‡½æ•°æ¥å£å®šä¹‰**

#### 1. `reverse_string(s)`
```python
def reverse_string(s: str) -> str:
    """
    å°†è¾“å…¥å­—ç¬¦ä¸²è¿›è¡Œåè½¬ã€‚

    Args:
        s (str): è¾“å…¥å­—ç¬¦ä¸²

    Returns:
        str: åè½¬åçš„å­—ç¬¦ä¸²

    Raises:
        TypeError: å¦‚æœè¾“å…¥ä¸æ˜¯å­—ç¬¦ä¸²ç±»å‹
    """
```

#### 2. `remove_duplicates(s)`
```python
def remove_duplicates(s: str) -> str:
    """
    å»é™¤å­—ç¬¦ä¸²ä¸­çš„é‡å¤å­—ç¬¦ï¼Œä¿ç•™é¦–æ¬¡å‡ºç°é¡ºåºã€‚

    Args:
        s (str): è¾“å…¥å­—ç¬¦ä¸²

    Returns:
        str: å»é‡åçš„å­—ç¬¦ä¸²

    Raises:
        TypeError: å¦‚æœè¾“å…¥ä¸æ˜¯å­—ç¬¦ä¸²ç±»å‹
    """
```

#### 3. `count_characters(s)`
```python
def count_characters(s: str) -> dict:
    """
    ç»Ÿè®¡å­—ç¬¦ä¸²ä¸­æ¯ä¸ªå­—ç¬¦çš„å‡ºç°æ¬¡æ•°ã€‚

    Args:
        s (str): è¾“å…¥å­—ç¬¦ä¸²

    Returns:
        dict: é”®ä¸ºå­—ç¬¦ï¼Œå€¼ä¸ºå‡ºç°æ¬¡æ•°çš„å­—å…¸

    Raises:
        TypeError: å¦‚æœè¾“å…¥ä¸æ˜¯å­—ç¬¦ä¸²ç±»å‹
    """
```

#### 4. `format_string(s, format_type)`
```python
def format_string(s: str, format_type: str) -> str:
    """
    æ ¹æ®æŒ‡å®šç±»å‹å¯¹å­—ç¬¦ä¸²è¿›è¡Œæ ¼å¼åŒ–ã€‚

    Args:
        s (str): è¾“å…¥å­—ç¬¦ä¸²
        format_type (str): æ ¼å¼åŒ–ç±»å‹ï¼Œå¯é€‰å€¼ï¼š
            - 'sentence': é¦–å­—æ¯å¤§å†™
            - 'title': æ¯ä¸ªå•è¯é¦–å­—æ¯å¤§å†™
            - 'upper': å…¨éƒ¨è½¬ä¸ºå¤§å†™
            - 'lower': å…¨éƒ¨è½¬ä¸ºå°å†™

    Returns:
        str: æ ¼å¼åŒ–åçš„å­—ç¬¦ä¸²

    Raises:
        TypeError: å¦‚æœè¾“å…¥ä¸æ˜¯å­—ç¬¦ä¸²ç±»å‹
        ValueError: å¦‚æœ format_type ä¸åœ¨å…è®¸èŒƒå›´å†…
    """
```

---

### ğŸ“Œ **é¿å…é—®é¢˜ï¼ˆåŸºäºå†å²å¤±è´¥ï¼‰**
- ç¡®ä¿æ‰€æœ‰å‡½æ•°éƒ½åŒ…å«è¾“å…¥ç±»å‹æ£€æŸ¥ã€‚
- ä¸è¦é—æ¼ docstringã€‚
- ç¡®ä¿å‡½æ•°åä¸è°ƒç”¨ä¸€è‡´ã€‚
- ä¸è¦åœ¨å‡½æ•°å†…éƒ¨ç›´æ¥æ‰“å°è¾“å‡ºï¼Œåº”è¿”å›ç»“æœã€‚
- ç¡®ä¿ä»£ç è¯­æ³•æ­£ç¡®ï¼Œèƒ½é€šè¿‡ flake8 / pylint æ£€æŸ¥ã€‚

---

### âœ… **æˆåŠŸæ ‡å‡†**
- æˆåŠŸç”Ÿæˆ `/Users/jabez/output/string_operations.py` æ–‡ä»¶
- æ–‡ä»¶å†…å®¹ç¬¦åˆä¸Šè¿°å‡½æ•°æ¥å£å®šä¹‰å’Œç¼–ç è§„èŒƒ
- åŒ…å«å®Œæ•´çš„é”™è¯¯å¤„ç†å’Œæ–‡æ¡£å­—ç¬¦ä¸²
- èƒ½è¢« Python æ­£ç¡®å¯¼å…¥å¹¶æ‰§è¡Œ

---

### ğŸ“¥ **æ“ä½œæ­¥éª¤**
1. åœ¨ `/Users/jabez/output/` ç›®å½•ä¸‹åˆ›å»ºæˆ–è¦†ç›– `string_operations.py`
2. å®ç°ä¸Šè¿°å››ä¸ªå‡½æ•°
3. ç¡®ä¿æ¯è¡Œä»£ç å‰è¿›è¡Œé€‚å½“æ³¨é‡Šï¼ˆéå¼ºåˆ¶ï¼‰
4. æœ€ç»ˆç¡®è®¤æ–‡ä»¶å¯å¯¼å…¥ä¸”æ— è¯­æ³•é”™è¯¯

--- 

è¯·å¼€å§‹ç¼–å†™ä»£ç å¹¶ä¿å­˜è‡³æŒ‡å®šè·¯å¾„ã€‚

ğŸ¯ 16:04:39 - FunctionWritingAgent å¼€å§‹æ‰§è¡Œ
   åŠŸèƒ½: è´Ÿè´£æ ¹æ®è§„åˆ’ç¼–å†™å…·ä½“çš„Pythonå‡½æ•°ä»£ç å¹¶ä¿å­˜åˆ°æ–‡ä»¶
   âŒ æ‰§è¡Œå¤±è´¥ (è€—æ—¶: 8.8ç§’)
   âš ï¸ é—®é¢˜: CODING_COMPLETE...

âš ï¸ 16:04:48 - æ£€æµ‹åˆ°éœ€è¦é‡æ–°è§„åˆ’ï¼Œé‡æ–°åˆ†æä»»åŠ¡

â„¹ï¸ 16:04:48 - å¼€å§‹ä»»åŠ¡è§„åˆ’é˜¶æ®µ

ğŸ”„ 16:04:48 - è§£æä»»åŠ¡å¹¶ç”Ÿæˆæ–‡ä»¶é…ç½®...

âœ… 16:04:58 - ä»»åŠ¡åˆ†æå®Œæˆ

âœ… 16:05:21 - æ‰§è¡Œè®¡åˆ’åˆ¶å®šå®Œæˆï¼Œå¼€å§‹å¤šAgentåä½œ

ğŸ’¥ å·¥ä½œæµæ‰§è¡Œå¤±è´¥
ğŸ“Š æ€»è€—æ—¶: 178.7 ç§’
ğŸ“ è¯¦ç»†æ—¥å¿—å·²ä¿å­˜: /Users/jabez/output/logs/workflow_20250729_160222.md
ğŸ“„ ç»“æ„åŒ–æ•°æ®: /Users/jabez/output/logs/workflow_20250729_160222.json

================================================================================
ğŸ‰ å¤šAgentåä½œå·¥ä½œæµæ‰§è¡Œå®Œæˆ
ğŸ“ è¯¦ç»†æ—¥å¿—å·²ä¿å­˜åˆ°: /Users/jabez/output/logs/workflow_20250729_160222.md
================================================================================
jabez@192 src % 
