st
    return await self._connection.handle_async_request(request)
           ^^^^^^^^^^^^^^^^^^^^^^^^^^^^^^^^^^^^^^^^^^^^^^^^^^^^
  File "/Library/Frameworks/Python.framework/Versions/3.13/lib/python3.13/site-packages/httpcore/_async/http11.py", line 136, in handle_async_request
    raise exc
  File "/Library/Frameworks/Python.framework/Versions/3.13/lib/python3.13/site-packages/httpcore/_async/http11.py", line 106, in handle_async_request
    ) = await self._receive_response_headers(**kwargs)
        ^^^^^^^^^^^^^^^^^^^^^^^^^^^^^^^^^^^^^^^^^^^^^^
  File "/Library/Frameworks/Python.framework/Versions/3.13/lib/python3.13/site-packages/httpcore/_async/http11.py", line 177, in _receive_response_headers
    event = await self._receive_event(timeout=timeout)
            ^^^^^^^^^^^^^^^^^^^^^^^^^^^^^^^^^^^^^^^^^^
  File "/Library/Frameworks/Python.framework/Versions/3.13/lib/python3.13/site-packages/httpcore/_async/http11.py", line 217, in _receive_event
    data = await self._network_stream.read(
           ^^^^^^^^^^^^^^^^^^^^^^^^^^^^^^^^
        self.READ_NUM_BYTES, timeout=timeout
        ^^^^^^^^^^^^^^^^^^^^^^^^^^^^^^^^^^^^
    )
    ^
  File "/Library/Frameworks/Python.framework/Versions/3.13/lib/python3.13/site-packages/httpcore/_backends/anyio.py", line 35, in read
    return await self._stream.receive(max_bytes=max_bytes)
           ^^^^^^^^^^^^^^^^^^^^^^^^^^^^^^^^^^^^^^^^^^^^^^^
  File "/Library/Frameworks/Python.framework/Versions/3.13/lib/python3.13/site-packages/anyio/streams/tls.py", line 219, in receive
    data = await self._call_sslobject_method(self._ssl_object.read, max_bytes)
           ^^^^^^^^^^^^^^^^^^^^^^^^^^^^^^^^^^^^^^^^^^^^^^^^^^^^^^^^^^^^^^^^^^^
  File "/Library/Frameworks/Python.framework/Versions/3.13/lib/python3.13/site-packages/anyio/streams/tls.py", line 162, in _call_sslobject_method
    data = await self.transport_stream.receive()
           ^^^^^^^^^^^^^^^^^^^^^^^^^^^^^^^^^^^^^
  File "/Library/Frameworks/Python.framework/Versions/3.13/lib/python3.13/site-packages/anyio/_backends/_asyncio.py", line 1254, in receive
    await self._protocol.read_event.wait()
  File "/Library/Frameworks/Python.framework/Versions/3.13/lib/python3.13/asyncio/locks.py", line 213, in wait
    await fut
asyncio.exceptions.CancelledError

During handling of the above exception, another exception occurred:

Traceback (most recent call last):
  File "/Users/jabez/Nutstore Files/multiAgent/src/main.py", line 174, in <module>
    asyncio.run(main())
    ~~~~~~~~~~~^^^^^^^^
  File "/Library/Frameworks/Python.framework/Versions/3.13/lib/python3.13/asyncio/runners.py", line 195, in run
    return runner.run(main)
           ~~~~~~~~~~^^^^^^
  File "/Library/Frameworks/Python.framework/Versions/3.13/lib/python3.13/asyncio/runners.py", line 123, in run
    raise KeyboardInterrupt()
KeyboardInterrupt

jabez@192 src % clear

jabez@192 src % python main.py 
📋 执行任务: 
    创建一个字符串操作工具库，包含以下功能：
    1. 字符串反转函数
    2. 字符串去重函数  
    3. 字符串统计函数（统计字符出现次数）
    4. 字符串格式化函数（首字母大写等）
    
    要求：
    - 使用Python实现
    - 包含完整的错误处理
    - 生成完整的测试用例
    - 确保代码质量和可维护性
    
📝 日志将保存到: /Users/jabez/output/logs/
/Library/Frameworks/Python.framework/Versions/3.13/lib/python3.13/site-packages/autogen_ext/models/openai/_openai_client.py:439: UserWarning: Missing required field 'structured_output' in ModelInfo. This field will be required in a future version of AutoGen.
  validate_model_info(self._model_info)

================================================================================
🚀 基于MCP的多链代码生成Agent系统启动
================================================================================

ℹ️ 16:02:22 - 开始任务规划阶段

🔄 16:02:22 - 解析任务并生成文件配置...

✅ 16:02:31 - 任务分析完成

✅ 16:02:49 - 执行计划制定完成，开始多Agent协作

ℹ️ 16:02:49 - 开始多Agent协作执行
🔍 智能路径解析初始化完成
🔍 智能路径解析报告
========================================
项目根目录: None
主文件数量: 0
测试文件数量: 0
Utils目录: None
Python文件总数: 0

📁 发现的主文件:

🧪 发现的测试文件:
📋 执行指令: **CodePlanningAgent 执行指令**

---

### 🧠 **任务目标**

作为 CodePlanningAgent，你的任务是为“字符串操作工具库”项目制定详细的开发计划并输出相关文档。你需要完成以下内容：

1. 明确每个函数的功能细节和行为规范；
2. 制定清晰的API设计规范；
3. 确定统一且健壮的错误处理策略；
4. 设计合理的项目结构和模块划分。

---

### 📁 **上下文与路径信息**

- **推荐工作目录**：`/Users/jabez/output`
- **主文件路径（后续阶段使用）**：`/Users/jabez/output/string_operations.py`
- **测试文件路径（后续阶段使用）**：`/Users/jabez/output/test_string_operations.py`

> ⚠️ 注意：当前阶段只需输出文档内容，不进行实际编码或创建文件。

---

### ❌ **避免问题**

- 不要跳过功能细节分析，确保后续实现有据可依；
- 不要忽略异常输入场景，必须在规划中体现错误处理机制；
- 不要遗漏对边界条件的定义（如空字符串、None 输入等）；
- 不要使用模糊的语言描述功能需求，需具体到输入输出行为。

---

### ✅ **预期输出格式与成功标准**

#### 输出内容应包括：

1. **功能规格说明文档**
   - 每个函数的详细功能描述
   - 输入输出类型及示例
   - 边界条件和异常情况说明

2. **API设计文档**
   - 函数签名（参数名、类型、默认值）
   - 返回值说明
   - 可能抛出的异常类型

3. **项目结构设计**
   - 推荐的模块组织方式
   - 各模块职责划分建议

#### 成功标准：
- 所有功能点明确无歧义；
- API设计合理，便于扩展和维护；
- 错误处理策略完整并具可执行性；
- 文档内容可供下一阶段直接用于代码实现。

---

### 📌 **操作步骤指引**

1. 阅读并理解当前任务需求；
2. 对四个核心功能逐一细化其行为逻辑；
3. 编写功能规格说明文档；
4. 制定API设计文档；
5. 确立错误处理机制；
6. 规划项目结构（模块与职责）；
7. 将上述内容整理为结构化文档格式（如 Markdown）并保存至 `/Users/jabez/output` 目录下（由下一阶段负责写入）。

--- 

### 🧾 **交付物命名建议**

- 功能规格文档：`specification.md`
- API设计文档：`api_design.md`
- 项目结构文档：`project_structure.md`

> ⏱️ 完成本阶段预计耗时：整个项目时间的 10% 左右。

🎯 16:03:00 - CodePlanningAgent 开始执行
   功能: 负责分析需求并制定代码实现计划
   ✅ 执行成功 (耗时: 40.5秒)
📋 执行指令: **FunctionWritingAgent 执行指令**

---

### 🧾 任务目标：
实现一个Python字符串操作工具库，包含以下四个核心函数，并确保代码符合高质量标准、具备完整错误处理和清晰文档说明。

---

### 📁 文件路径：
- **主文件输出路径**：`/Users/jabez/output/string_operations.py`

---

### 🧩 功能要求：

#### 1. 字符串反转函数 `reverse_string(s)`
- **功能**：将输入字符串进行反转
- **参数**：`s` (str) - 输入字符串
- **返回值**：str - 反转后的字符串
- **异常处理**：若输入不是字符串类型，抛出 `TypeError`

#### 2. 字符串去重函数 `remove_duplicates(s)`
- **功能**：去除字符串中重复的字符，保留首次出现顺序
- **参数**：`s` (str) - 输入字符串
- **返回值**：str - 去重后的字符串
- **异常处理**：若输入不是字符串类型，抛出 `TypeError`

#### 3. 字符串统计函数 `count_characters(s)`
- **功能**：统计字符串中每个字符出现的次数
- **参数**：`s` (str) - 输入字符串
- **返回值**：dict - 键为字符，值为出现次数
- **异常处理**：若输入不是字符串类型，抛出 `TypeError`

#### 4. 字符串格式化函数 `format_string(s, format_type)`
- **功能**：根据指定格式化类型对字符串进行格式化
- **参数**：
  - `s` (str) - 输入字符串
  - `format_type` (str) - 格式化类型，支持：
    - `"sentence"`：首字母大写（其余小写）
    - `"title"`：每个单词首字母大写
    - `"upper"`：全部大写
    - `"lower"`：全部小写
- **返回值**：str - 格式化后的字符串
- **异常处理**：
  - 若输入不是字符串或格式类型不支持，抛出相应 `TypeError` 或 `ValueError`

---

### ⚠️ 注意事项：
- 所有函数必须包含完整的 docstring（使用 Google 风格）
- 所有函数需添加类型注解
- 确保逻辑健壮性，避免隐式错误（如 None 输入、空字符串等）
- 不要引入外部依赖库

---

### ✅ 成功标准：
- 函数功能正确且满足所有边界条件
- 每个函数都有对应的错误处理机制
- 代码风格符合 PEP8 规范
- 包含完整函数文档字符串和类型提示

---

### 📦 输出格式：
请将实现写入以下文件：
```
/Users/jabez/output/string_operations.py
```

文件内容结构示例：
```python
def reverse_string(s: str) -> str:
    """反转输入字符串。

    Args:
        s (str): 输入字符串

    Returns:
        str: 反转后的字符串

    Raises:
        TypeError: 如果输入不是字符串类型
    """
    if not isinstance(s, str):
        raise TypeError("输入必须是字符串")
    return s[::-1]
```

--- 

请严格按照以上规范编写并保存代码至指定路径。

🎯 16:03:51 - FunctionWritingAgent 开始执行
   功能: 负责根据规划编写具体的Python函数代码并保存到文件
   ❌ 执行失败 (耗时: 9.9秒)
   ⚠️ 问题: CODING_COMPLETE...
📋 执行指令: **FunctionWritingAgent 执行指令**

---

### 🧾 任务目标

实现一个 Python 字符串操作工具库，包含以下四个核心函数，并确保每个函数具备完整的错误处理、清晰的文档说明和良好的可维护性。

#### 功能清单：
1. `reverse_string(s)` - 反转输入字符串  
2. `remove_duplicates(s)` - 去除重复字符，保留首次出现顺序  
3. `count_characters(s)` - 统计字符串中各字符出现次数  
4. `format_string(s, format_type)` - 支持多种格式化方式（sentence/title/upper/lower case）

---

### 📁 文件路径与结构

- **主文件路径**：`/Users/jabez/output/string_operations.py`
- **测试文件路径**：`/Users/jabez/output/test_string_operations.py`

---

### ⚠️ 注意事项（基于历史失败）

- 确保所有函数接受非字符串类型时抛出 `TypeError`
- 所有函数需添加 docstring 并符合 Google/NumPy 风格
- 不要使用全局变量或副作用逻辑
- 所有函数应返回明确结果，避免打印输出
- 确保函数命名清晰、语义明确

---

### ✅ 成功标准

- 每个函数功能正确并通过后续单元测试
- 包含完整的参数校验和异常处理
- 函数文档完整，易于理解
- 代码风格符合 PEP8 规范
- 输出文件 `/Users/jabez/output/string_operations.py` 可被正常导入和调用

---

### 📌 具体操作步骤

1. 在 `/Users/jabez/output/` 目录下创建文件 `string_operations.py`
2. 实现如下函数：

```python
def reverse_string(s):
    """反转字符串
    
    Args:
        s (str): 输入字符串
        
    Returns:
        str: 反转后的字符串
        
    Raises:
        TypeError: 如果输入不是字符串
    """
    if not isinstance(s, str):
        raise TypeError("输入必须是字符串")
    return s[::-1]


def remove_duplicates(s):
    """去除字符串中的重复字符，保留首次出现顺序
    
    Args:
        s (str): 输入字符串
        
    Returns:
        str: 去重后的字符串
        
    Raises:
        TypeError: 如果输入不是字符串
    """
    if not isinstance(s, str):
        raise TypeError("输入必须是字符串")
    seen = set()
    result = []
    for char in s:
        if char not in seen:
            seen.add(char)
            result.append(char)
    return ''.join(result)


def count_characters(s):
    """统计字符串中每个字符出现的次数
    
    Args:
        s (str): 输入字符串
        
    Returns:
        dict: 字符及其出现次数的字典
        
    Raises:
        TypeError: 如果输入不是字符串
    """
    if not isinstance(s, str):
        raise TypeError("输入必须是字符串")
    return {char: s.count(char) for char in set(s)}


def format_string(s, format_type):
    """根据指定类型格式化字符串
    
    Args:
        s (str): 输入字符串
        format_type (str): 格式化类型 ('sentence', 'title', 'upper', 'lower')
        
    Returns:
        str: 格式化后的字符串
        
    Raises:
        TypeError: 如果输入不是字符串或格式类型不支持
    """
    if not isinstance(s, str):
        raise TypeError("输入必须是字符串")
    if not isinstance(format_type, str):
        raise TypeError("格式类型必须是字符串")
    
    format_type = format_type.lower()
    if format_type == 'sentence':
        return s.capitalize()
    elif format_type == 'title':
        return s.title()
    elif format_type == 'upper':
        return s.upper()
    elif format_type == 'lower':
        return s.lower()
    else:
        raise ValueError("不支持的格式类型，请选择 'sentence'、'title'、'upper' 或 'lower'")
```

3. 保存文件并确认无语法错误
4. 确保文件可被模块导入（例如在 Python 中执行 `from string_operations import reverse_string`）

---

### 🧪 后续建议

- 编写测试用例时注意覆盖边界条件和异常场景
- 使用 `unittest` 或 `pytest` 框架进行组织
- 测试文件请保存为 `/Users/jabez/output/test_string_operations.py`

--- 

✅ 完成标志：成功生成 `/Users/jabez/output/string_operations.py` 文件且内容满足上述要求。

🎯 16:04:15 - FunctionWritingAgent 开始执行
   功能: 负责根据规划编写具体的Python函数代码并保存到文件
   ❌ 执行失败 (耗时: 8.8秒)
   ⚠️ 问题: CODING_COMPLETE...
📋 执行指令: **FunctionWritingAgent 执行指令**

---

### 🧾 **任务目标**
实现一个Python字符串操作工具库，包含以下四个核心函数，并确保代码质量、错误处理完整、文档清晰：

1. 字符串反转函数：`reverse_string(s)`
2. 字符串去重函数：`remove_duplicates(s)`
3. 字符串统计函数：`count_characters(s)`
4. 字符串格式化函数：`format_string(s, format_type)`

---

### 📁 **文件路径**
- 主文件路径：`/Users/jabez/output/string_operations.py`

---

### ⚙️ **具体要求**
1. 所有函数需支持字符串类型输入。
2. 添加完整的类型检查和异常处理机制。
3. 每个函数必须包含标准格式的 docstring（使用 Google 或 NumPy 风格）。
4. 不要引入外部依赖库。
5. 函数命名规范、变量名清晰、逻辑易读。

---

### 🧱 **函数接口定义**

#### 1. `reverse_string(s)`
```python
def reverse_string(s: str) -> str:
    """
    将输入字符串进行反转。

    Args:
        s (str): 输入字符串

    Returns:
        str: 反转后的字符串

    Raises:
        TypeError: 如果输入不是字符串类型
    """
```

#### 2. `remove_duplicates(s)`
```python
def remove_duplicates(s: str) -> str:
    """
    去除字符串中的重复字符，保留首次出现顺序。

    Args:
        s (str): 输入字符串

    Returns:
        str: 去重后的字符串

    Raises:
        TypeError: 如果输入不是字符串类型
    """
```

#### 3. `count_characters(s)`
```python
def count_characters(s: str) -> dict:
    """
    统计字符串中每个字符的出现次数。

    Args:
        s (str): 输入字符串

    Returns:
        dict: 键为字符，值为出现次数的字典

    Raises:
        TypeError: 如果输入不是字符串类型
    """
```

#### 4. `format_string(s, format_type)`
```python
def format_string(s: str, format_type: str) -> str:
    """
    根据指定类型对字符串进行格式化。

    Args:
        s (str): 输入字符串
        format_type (str): 格式化类型，可选值：
            - 'sentence': 首字母大写
            - 'title': 每个单词首字母大写
            - 'upper': 全部转为大写
            - 'lower': 全部转为小写

    Returns:
        str: 格式化后的字符串

    Raises:
        TypeError: 如果输入不是字符串类型
        ValueError: 如果 format_type 不在允许范围内
    """
```

---

### 📌 **避免问题（基于历史失败）**
- 确保所有函数都包含输入类型检查。
- 不要遗漏 docstring。
- 确保函数名与调用一致。
- 不要在函数内部直接打印输出，应返回结果。
- 确保代码语法正确，能通过 flake8 / pylint 检查。

---

### ✅ **成功标准**
- 成功生成 `/Users/jabez/output/string_operations.py` 文件
- 文件内容符合上述函数接口定义和编码规范
- 包含完整的错误处理和文档字符串
- 能被 Python 正确导入并执行

---

### 📥 **操作步骤**
1. 在 `/Users/jabez/output/` 目录下创建或覆盖 `string_operations.py`
2. 实现上述四个函数
3. 确保每行代码前进行适当注释（非强制）
4. 最终确认文件可导入且无语法错误

--- 

请开始编写代码并保存至指定路径。

🎯 16:04:39 - FunctionWritingAgent 开始执行
   功能: 负责根据规划编写具体的Python函数代码并保存到文件
   ❌ 执行失败 (耗时: 8.8秒)
   ⚠️ 问题: CODING_COMPLETE...

⚠️ 16:04:48 - 检测到需要重新规划，重新分析任务

ℹ️ 16:04:48 - 开始任务规划阶段

🔄 16:04:48 - 解析任务并生成文件配置...

✅ 16:04:58 - 任务分析完成

✅ 16:05:21 - 执行计划制定完成，开始多Agent协作

💥 工作流执行失败
📊 总耗时: 178.7 秒
📁 详细日志已保存: /Users/jabez/output/logs/workflow_20250729_160222.md
📄 结构化数据: /Users/jabez/output/logs/workflow_20250729_160222.json

================================================================================
🎉 多Agent协作工作流执行完成
📁 详细日志已保存到: /Users/jabez/output/logs/workflow_20250729_160222.md
================================================================================
jabez@192 src % 
